
  ___  ____  ____  ____  ____ ®
 /__    /   ____/   /   ____/      18.0
___/   /   /___/   /   /___/       MP—Parallel Edition

 Statistics and Data Science       Copyright 1985-2023 StataCorp LLC
                                   StataCorp
                                   4905 Lakeway Drive
                                   College Station, Texas 77845 USA
                                   800-STATA-PC        https://www.stata.com
                                   979-696-4600        stata@stata.com

Stata license: 20-user 4-core network perpetual
Serial number: 501806331114
  Licensed to: Joop Adema
               Uni Innsbruck

Notes:
      1. Stata is running in batch mode.
      2. Unicode is supported; see help unicode_advice.
      3. More than 2 billion observations are allowed; see help obs_advice.
      4. Maximum number of variables is set to 5,000 but can be increased;
          see help set_maxvar.

. do "C:/Users/c4041171/Dropbox/Ciacci replication/replication_220426/code/repl
> ication_fuzzydid.do" 

. *Standalone runner for Table C1 (Fuzzy DiD). Split out of replication.do
. *because `fuzzydid' with breps=100 takes several minutes and is rarely re-run
> .
. *Exports: console/log output only (no polished .tex export yet).
. *Requires: `ssc install fuzzydid'.
. 
. *Block 0: Setup ----
. {
.     clear all
.     cd "C:\Users\c4041171\Dropbox\Ciacci replication\replication_220426\"
C:\Users\c4041171\Dropbox\Ciacci replication\replication_220426
.     set seed 1234
.     * Number of bootstrap replications for `fuzzydid' standard errors.
.     * Production value ~100; lower for faster iteration.
.     global B_REPS = 99
. }

. 
. 
. *Table C1: Fuzzy DiD (Wald-DiD with and without time correction) ----
. {
.     cap which fuzzydid
.     if _rc {
.         di as error "Table C1 skipped: `fuzzydid' not installed. Run: ssc ins
> tall fuzzydid"
.         exit
.     }
. 
.     use ".\data\Sweden_tables.dta", clear
.     cap drop sum_sex_pur
.     bys region (ym): gen sum_sex_pur = sum(sex_purchase_abs_)
.     gen d_sum_sex_pur      = (sum_sex_pur>0)
.     gen d_sex_purchase_abs_= (sex_purchase_abs_>0)
.     bys region (ym): gen d_sum_sex_pur1 = sum(d_sex_purchase_abs_)
.     xtset regionc ym

Panel variable: regionc (strongly balanced)
 Time variable: ym, 444 to 659
         Delta: 1 unit
.     gen fd_sum_sex_pur = d.sum_sex_pur
(21 missing values generated)
.     gen sample1 = 0 if missing(fd_sum_sex_pur)
(4,515 missing values generated)
.     replace  sample1 = 1 if sample1==.
(4,515 real changes made)
.     gen D = d_sum_sex_pur1
.     gen T = ym
.     gen G = regionc
.     bys G T: egen mean_D = mean(D)
.     by G: gen lag_mean_D = mean_D[_n-1] if G==G[_n-1] & T-1==T[_n-1]
(21 missing values generated)
.     gen GT = sign(mean_D - lag_mean_D) if sample1==1
(21 missing values generated)
.     gen GTplus1 = GT[_n+1] if G==G[_n+1] & T+1==T[_n+1]
(21 missing values generated)
. 
.     di _n as res "TableC1 col 1 & 4 (monthly, Wald-DiD + TC)"

TableC1 col 1 & 4 (monthly, Wald-DiD + TC)
.     fuzzydid lrape GT GTplus1 year D, did tc breps($B_REPS) cluster(regionc) 
> ///
>         continuous(police) qualitative(regionc year month)
(running estim_wrapper on estimation sample)

Bootstrap replications (99): .........10.........20.........30.........40......
> ...50.........60.........70.........80.........90......... done

No method was specified to estimate E(Y|X), E(D|X) and P(D=d|X). Method set to 
> default: ols.


There is at least one time period when the treatment variable takes only one va
> lue in the control group.


Because the treatment variable takes only one value in the control group, the W
> _DID and W_TC estimators are mechanically equal at those time periods.


Estimator(s) of the local average treatment effect with bootstrapped standard
errors.  Cluster variable: regionc.  Number of observations:  4536 .
Controls included in the estimation:  police regionc year month .

             |      LATE    Std_Err          t    p_value   lower_ic 
-------------+-------------------------------------------------------
       W_DID |  .0440032   .0177274   2.482215   .0130568   .0262133 
        W_TC |  .0553004   .1065056   .5192251   .6036038  -.2459524 

             |  upper_ic 
-------------+----------
       W_DID |  .0825697 
        W_TC |   .188278 
.     matrix m_b_1  = e(b_LATE)
.     matrix m_se_1 = e(se_LATE)
.     scalar c1_b_DID  = m_b_1[1,1]
.     scalar c1_se_DID = m_se_1[1,1]
.     scalar c1_b_TC   = m_b_1[2,1]
.     scalar c1_se_TC  = m_se_1[2,1]
.     scalar c1_N      = e(N)
. 
.     di _n as res "TableC1 col 2 & 5 (monthly, time-as-T)"

TableC1 col 2 & 5 (monthly, time-as-T)
.     fuzzydid lrape GT GTplus1 T    D, did tc breps($B_REPS) cluster(regionc) 
> ///
>         continuous(police) qualitative(regionc year month)
(running estim_wrapper on estimation sample)

Bootstrap replications (99): .........10.........20.........30.........40......
> ...50.........60.........70.........80.........90......... done

No method was specified to estimate E(Y|X), E(D|X) and P(D=d|X). Method set to 
> default: ols.


There is at least one time period when the treatment variable takes only one va
> lue in the control group.


Because the treatment variable takes only one value in the control group, the W
> _DID and W_TC estimators are mechanically equal at those time periods.


Estimator(s) of the local average treatment effect with bootstrapped standard
errors.  Cluster variable: regionc.  Number of observations:  4536 .
Controls included in the estimation:  police regionc year month .

             |      LATE    Std_Err          t    p_value   lower_ic 
-------------+-------------------------------------------------------
       W_DID |   .016587   .0163998   1.011415   .3118179  -.0259205 
        W_TC |  .1381585   .1885832   .7326127   .4637947  -.3455935 

             |  upper_ic 
-------------+----------
       W_DID |  .0472934 
        W_TC |  .3540323 
.     matrix m_b_2  = e(b_LATE)
.     matrix m_se_2 = e(se_LATE)
.     scalar c2_b_DID  = m_b_2[1,1]
.     scalar c2_se_DID = m_se_2[1,1]
.     scalar c2_b_TC   = m_b_2[2,1]
.     scalar c2_se_TC  = m_se_2[2,1]
.     scalar c2_N      = e(N)
. 
.     *annual collapse for cols 3 & 6
.     use ".\data\Sweden_tables.dta", clear
.     collapse (sum) rape sex_purchase_abs_ (mean) police, by(regionc year)
.     gen lrape = log(rape+1)
.     cap drop sum_sex_pur
.     bys region (year): gen sm_sex_pur = sum(sex_purchase_abs_)
.     gen d_sum_sex_pur      = (sum_sex_pur>0)
sum_sex_pur not found
r(111);
.     gen d_sex_purchase_abs_= (sex_purchase_abs_>0)
.     bys region (year): gen d_sum_sex_pur1 = sum(d_sex_purchase_abs_)
.     xtset regionc year
.     gen fd_sum_sex_pur = d.sum_sex_pur
.     gen sample1 = 0 if missing(fd_sum_sex_pur)
.     replace sample1 = 1 if sample1==.
.     gen D = d_sum_sex_pur1
.     gen T = year
.     gen G = regionc
.     bys G T: egen mean_D = mean(D)
.     by G: gen lag_mean_D = mean_D[_n-1] if G==G[_n-1] & T-1==T[_n-1]
.     gen GT      = sign(mean_D - lag_mean_D) if sample1==1
.     gen GTplus1 = GT[_n+1] if G==G[_n+1] & T+1==T[_n+1]
.     di _n as res "TableC1 col 3 & 6 (annual)"
.     fuzzydid lrape GT GTplus1 year D, did tc breps($B_REPS) cluster(regionc) 
> ///
>         continuous(police) qualitative(regionc year)
.     matrix m_b_3  = e(b_LATE)
.     matrix m_se_3 = e(se_LATE)
.     scalar c3_b_DID  = m_b_3[1,1]
.     scalar c3_se_DID = m_se_3[1,1]
.     scalar c3_b_TC   = m_b_3[2,1]
.     scalar c3_se_TC  = m_se_3[2,1]
.     scalar c3_N      = e(N)
. }
r(111);

end of do-file
r(111);
